<?xml version="1.0" encoding="UTF-8" ?>
<testsuite tests="1" failures="1" name="de.amazon.runners.TestRunner" time="59.577" errors="0" skipped="0">
  <properties>
[...]
</properties>
  <testcase classname="Setting up a WebApp project that executes the following features of Amazon website" name="Set Up a Web Testing Project for Chrome that executes the following Test Case" time="59.577">
    <failure message="expected:&lt;Amazon [Registirierung]&gt; but was:&lt;Amazon [Anmelden]&gt;" type="org.junit.ComparisonFailure">org.junit.ComparisonFailure: expected:&lt;Amazon [Registirierung]&gt; but was:&lt;Amazon [Anmelden]&gt;
	at org.junit.Assert.assertEquals(Assert.java:117)
	at org.junit.Assert.assertEquals(Assert.java:146)
	at de.amazon.stepdefinitions.AmazonTestStepDef.verify_user_gets_redirected_to_registration_page(AmazonTestStepDef.java:62)
	at ✽.verify that user gets redirected to registration page(file:///home/brt/IdeaProjects/AppsfactoryChallenge_1/src/test/resources/features/AmazonTest.feature:32)
</failure>
    <system-err>[main] INFO io.github.bonigarcia.wdm.WebDriverManager - Using chromedriver 88.0.4324.96 (resolved driver for Chrome 88)
[main] INFO io.github.bonigarcia.wdm.WebDriverManager - Exporting webdriver.chrome.driver as /home/brt/.cache/selenium/chromedriver/linux64/88.0.4324.96/chromedriver
Starting ChromeDriver 88.0.4324.96 (68dba2d8a0b149a1d3afac56fa74648032bcf46b-refs/branch-heads/4324@{#1784}) on port 28535
Only local connections are allowed.
Please see https://chromedriver.chromium.org/security-considerations for suggestions on keeping ChromeDriver safe.
ChromeDriver was started successfully.
Feb 18, 2021 1:52:00 AM org.openqa.selenium.remote.ProtocolHandshake createSession
INFO: Detected dialect: W3C
</system-err>
  </testcase>
</testsuite>